This is pdfTeXk, Version 3.141592-1.40.3 (Web2C 7.5.6) (format=pdflatex 2015.9.23)  15 DEC 2015 11:56
entering extended mode
 %&-line parsing enabled.
**results_copy.tex
(./results_copy.tex
LaTeX2e <2005/12/01>
Babel <v3.8h> and hyphenation patterns for english, usenglishmax, dumylang, noh
yphenation, arabic, basque, bulgarian, coptic, welsh, czech, slovak, german, ng
erman, danish, esperanto, spanish, catalan, galician, estonian, farsi, finnish,
 french, greek, monogreek, ancientgreek, croatian, hungarian, interlingua, ibyc
us, indonesian, icelandic, italian, latin, mongolian, dutch, norsk, polish, por
tuguese, pinyin, romanian, russian, slovenian, uppersorbian, serbian, swedish, 
turkish, ukenglish, ukrainian, loaded.
(/usr/share/texmf/tex/latex/base/article.cls
Document Class: article 2005/09/16 v1.4f Standard LaTeX document class
(/usr/share/texmf/tex/latex/base/size10.clo
File: size10.clo 2005/09/16 v1.4f Standard LaTeX file (size option)
)
\c@part=\count79
\c@section=\count80
\c@subsection=\count81
\c@subsubsection=\count82
\c@paragraph=\count83
\c@subparagraph=\count84
\c@figure=\count85
\c@table=\count86
\abovecaptionskip=\skip41
\belowcaptionskip=\skip42
\bibindent=\dimen102
)
(/usr/share/texmf/tex/latex/base/inputenc.sty
Package: inputenc 2006/05/05 v1.1b Input encoding file
\inpenc@prehook=\toks14
\inpenc@posthook=\toks15

(/usr/share/texmf/tex/latex/ucs/utf8x.def
File: utf8x.def 2004/10/17 UCS: Input encoding UTF-8
))
(/usr/share/texmf/tex/latex/ucs/ucs.sty
Package: ucs 2004/10/17 UCS: Unicode input support

(/usr/share/texmf/tex/latex/ucs/data/uni-global.def
File: uni-global.def 2004/10/17 UCS: Unicode global data
)
\uc@secondtry=\count87
\uc@combtoks=\toks16
\uc@combtoksb=\toks17
\uc@temptokena=\toks18
)
(/usr/share/texmf/tex/latex/float/float.sty
Package: float 2001/11/08 v1.3d Float enhancements (AL)
\c@float@type=\count88
\float@exts=\toks19
\float@box=\box26
\@float@everytoks=\toks20
\@floatcapt=\box27
)
(/usr/share/texmf/tex/latex/graphics/graphicx.sty
Package: graphicx 1999/02/16 v1.0f Enhanced LaTeX Graphics (DPC,SPQR)

(/usr/share/texmf/tex/latex/graphics/keyval.sty
Package: keyval 1999/03/16 v1.13 key=value parser (DPC)
\KV@toks@=\toks21
)
(/usr/share/texmf/tex/latex/graphics/graphics.sty
Package: graphics 2006/02/20 v1.0o Standard LaTeX Graphics (DPC,SPQR)

(/usr/share/texmf/tex/latex/graphics/trig.sty
Package: trig 1999/03/16 v1.09 sin cos tan (DPC)
)
(/usr/share/texmf/tex/latex/config/graphics.cfg
File: graphics.cfg 2007/01/18 v1.5 graphics configuration of teTeX/TeXLive
)
Package graphics Info: Driver file: pdftex.def on input line 90.

(/usr/share/texmf/tex/latex/pdftex-def/pdftex.def
File: pdftex.def 2007/01/08 v0.04d Graphics/color for pdfTeX
\Gread@gobject=\count89
))
\Gin@req@height=\dimen103
\Gin@req@width=\dimen104
)
(/usr/share/texmf/tex/latex/placeins/placeins.sty
Package: placeins 2005/04/18  v 2.2
)
(/usr/share/texmf/tex/latex/natbib/natbib.sty
Package: natbib 2007/02/05 8.0 (PWD)
\bibhang=\skip43
\bibsep=\skip44
LaTeX Info: Redefining \cite on input line 602.
\c@NAT@ctr=\count90
) (./results_copy.aux

LaTeX Warning: Label `trop_values_transient_diff_w1' multiply defined.

)
\openout1 = `results_copy.aux'.

LaTeX Font Info:    Checking defaults for OML/cmm/m/it on input line 12.
LaTeX Font Info:    ... okay on input line 12.
LaTeX Font Info:    Checking defaults for T1/cmr/m/n on input line 12.
LaTeX Font Info:    ... okay on input line 12.
LaTeX Font Info:    Checking defaults for OT1/cmr/m/n on input line 12.
LaTeX Font Info:    ... okay on input line 12.
LaTeX Font Info:    Checking defaults for OMS/cmsy/m/n on input line 12.
LaTeX Font Info:    ... okay on input line 12.
LaTeX Font Info:    Checking defaults for OMX/cmex/m/n on input line 12.
LaTeX Font Info:    ... okay on input line 12.
LaTeX Font Info:    Checking defaults for U/cmr/m/n on input line 12.
LaTeX Font Info:    ... okay on input line 12.
 (/usr/share/texmf/tex/latex/ucs/ucsencs.def
File: ucsencs.def 2003/11/29 Fixes to fontencodings LGR, T3
)
LaTeX Font Info:    External font `cmex10' loaded for size
(Font)              <12> on input line 14.
LaTeX Font Info:    External font `cmex10' loaded for size
(Font)              <8> on input line 14.
LaTeX Font Info:    External font `cmex10' loaded for size
(Font)              <6> on input line 14.
LaTeX Font Info:    External font `cmex10' loaded for size
(Font)              <7> on input line 50.
LaTeX Font Info:    External font `cmex10' loaded for size
(Font)              <5> on input line 50.
LaTeX Font Info:    Try loading font information for OMS+cmr on input line 58.

(/usr/share/texmf/tex/latex/base/omscmr.fd
File: omscmr.fd 1999/05/25 v2.5h Standard LaTeX font definitions
)
LaTeX Font Info:    Font shape `OMS/cmr/m/n' in size <10> not available
(Font)              Font shape `OMS/cmsy/m/n' tried instead on input line 58.
 [1

{/var/lib/texmf/fonts/map/pdftex/updmap/pdftex.map}] [2] <raise_lid_t1.pdf, id=
14, 663.47874pt x 670.505pt>
File: raise_lid_t1.pdf Graphic file (type pdf)

<use raise_lid_t1.pdf> <raise_lid_t2.pdf, id=15, 663.47874pt x 670.505pt>
File: raise_lid_t2.pdf Graphic file (type pdf)

<use raise_lid_t2.pdf>

LaTeX Warning: `!h' float specifier changed to `!ht'.

[3 <./raise_lid_t1.pdf>] [4 <./raise_lid_t2.pdf>]
<Transient_vertical_cross.pdf, id=37, 663.47874pt x 696.6025pt>
File: Transient_vertical_cross.pdf Graphic file (type pdf)

<use Transient_vertical_cross.pdf>
<hovmoller_transient_diffs.pdf, id=38, 1208.515pt x 671.50874pt>
File: hovmoller_transient_diffs.pdf Graphic file (type pdf)

<use hovmoller_transient_diffs.pdf>

LaTeX Warning: `!h' float specifier changed to `!ht'.

<trop_values_steady.pdf, id=39, 663.47874pt x 670.505pt>
File: trop_values_steady.pdf Graphic file (type pdf)

<use trop_values_steady.pdf>

LaTeX Warning: `!h' float specifier changed to `!ht'.

<trop_values_transient.pdf, id=40, 663.47874pt x 670.505pt>
File: trop_values_transient.pdf Graphic file (type pdf)

<use trop_values_transient.pdf>

LaTeX Warning: `!h' float specifier changed to `!ht'.

<hovmoller_transient_diffs_w1.pdf, id=41, 597.23125pt x 845.1575pt>
File: hovmoller_transient_diffs_w1.pdf Graphic file (type pdf)

<use hovmoller_transient_diffs_w1.pdf>

LaTeX Warning: `!h' float specifier changed to `!ht'.

<hovmoller_transient_diffs4.pdf, id=42, 597.23125pt x 845.1575pt>
File: hovmoller_transient_diffs4.pdf Graphic file (type pdf)

<use hovmoller_transient_diffs4.pdf>

LaTeX Warning: `!h' float specifier changed to `!ht'.

(./results_copy.bbl [5 <./Transient_vertical_cross.pdf>]) [6 <./hovmoller_trans
ient_diffs.pdf>] [7 <./trop_values_steady.pdf>] [8 <./trop_values_transient.pdf
>] [9 <./hovmoller_transient_diffs_w1.pdf>] [10 <./hovmoller_transient_diffs4.p
df>] (./results_copy.aux)

LaTeX Warning: There were multiply-defined labels.

 ) 
Here is how much of TeX's memory you used:
 1251 strings out of 256214
 17421 string characters out of 1917000
 80503 words of memory out of 1500000
 4543 multiletter control sequences out of 10000+200000
 8841 words of font info for 31 fonts, out of 1200000 for 2000
 645 hyphenation exceptions out of 8191
 25i,6n,20p,330b,216s stack positions out of 5000i,500n,6000p,200000b,15000s
</usr/share/texmf/fonts/type1/bluesky/cm/cmbx12.pfb></usr/share/texmf/fonts/t
ype1/bluesky/cm/cmbx9.pfb></usr/share/texmf/fonts/type1/bluesky/cm/cmcsc10.pfb>
</usr/share/texmf/fonts/type1/bluesky/cm/cmmi10.pfb></usr/share/texmf/fonts/typ
e1/bluesky/cm/cmmi7.pfb></usr/share/texmf/fonts/type1/bluesky/cm/cmr10.pfb></us
r/share/texmf/fonts/type1/bluesky/cm/cmr12.pfb></usr/share/texmf/fonts/type1/bl
uesky/cm/cmsy10.pfb></usr/share/texmf/fonts/type1/bluesky/cm/cmti10.pfb>
Output written on results_copy.pdf (10 pages, 63820772 bytes).
PDF statistics:
 223 PDF objects out of 1000 (max. 8388607)
 0 named destinations out of 1000 (max. 131072)
 41 words of extra memory for PDF output out of 10000 (max. 10000000)

